#
# There is insufficient memory for the Java Runtime Environment to continue.
# Native memory allocation (malloc) failed to allocate 1048576 bytes for AllocateHeap
# Possible reasons:
#   The system is out of physical RAM or swap space
#   The process is running with CompressedOops enabled, and the Java Heap may be blocking the growth of the native heap
# Possible solutions:
#   Reduce memory load on the system
#   Increase physical memory or swap space
#   Check if swap backing store is full
#   Decrease Java heap size (-Xmx/-Xms)
#   Decrease number of Java threads
#   Decrease Java thread stack sizes (-Xss)
#   Set larger code cache with -XX:ReservedCodeCacheSize=
#   JVM is running with Unscaled Compressed Oops mode in which the Java heap is
#     placed in the first 4GB address space. The Java Heap base address is the
#     maximum limit for the native heap growth. Please use -XX:HeapBaseMinAddress
#     to set the Java Heap base and to place the Java Heap above 4GB virtual address.
# This output file may be truncated or incomplete.
#
#  Out of Memory Error (memory/allocation.inline.hpp:61), pid=9160, tid=0x000000000000296c
#
# JRE version:  (8.0_261-b12) (build )
# Java VM: Java HotSpot(TM) 64-Bit Server VM (25.261-b12 mixed mode windows-amd64 compressed oops)
# Failed to write core dump. Minidumps are not enabled by default on client versions of Windows
#

---------------  T H R E A D  ---------------

Current thread (0x000002b03357a800):  JavaThread "Unknown thread" [_thread_in_vm, id=10604, stack(0x000000d1a0e00000,0x000000d1a0f00000)]

Stack: [0x000000d1a0e00000,0x000000d1a0f00000]
Native frames: (J=compiled Java code, j=interpreted, Vv=VM code, C=native code)
V  [jvm.dll+0x33e5f9]
V  [jvm.dll+0x2850e2]
V  [jvm.dll+0x285d8d]
V  [jvm.dll+0x27c895]
V  [jvm.dll+0x1565d]
V  [jvm.dll+0x3d87f8]
V  [jvm.dll+0x3d95be]
V  [jvm.dll+0x3d5557]
V  [jvm.dll+0x10c61f]
V  [jvm.dll+0x21a00b]
V  [jvm.dll+0x248687]
V  [jvm.dll+0x172116]
C  [java.exe+0x2312]
C  [java.exe+0x15f64]
C  [KERNEL32.DLL+0x17034]
C  [ntdll.dll+0x52651]


---------------  P R O C E S S  ---------------

Java Threads: ( => current thread )

Other Threads:

=>0x000002b03357a800 (exited) JavaThread "Unknown thread" [_thread_in_vm, id=10604, stack(0x000000d1a0e00000,0x000000d1a0f00000)]

VM state:not at safepoint (normal execution)

VM Mutex/Monitor currently owned by a thread: None

heap address: 0x0000000083200000, size: 1998 MB, Compressed Oops mode: 32-bit
Narrow klass base: 0x0000000000000000, Narrow klass shift: 3
Compressed class space size: 1073741824 Address: 0x0000000100000000

Heap:
 PSYoungGen      total 37888K, used 655K [0x00000000d6600000, 0x00000000d9000000, 0x0000000100000000)
  eden space 32768K, 2% used [0x00000000d6600000,0x00000000d66a3d80,0x00000000d8600000)
  from space 5120K, 0% used [0x00000000d8b00000,0x00000000d8b00000,0x00000000d9000000)
  to   space 5120K, 0% used [0x00000000d8600000,0x00000000d8600000,0x00000000d8b00000)
 ParOldGen       total 86016K, used 0K [0x0000000083200000, 0x0000000088600000, 0x00000000d6600000)
  object space 86016K, 0% used [0x0000000083200000,0x0000000083200000,0x0000000088600000)
 Metaspace       used 776K, capacity 4480K, committed 4480K, reserved 1056768K
  class space    used 76K, capacity 384K, committed 384K, reserved 1048576K

Card table byte_map: [0x000002b044360000,0x000002b044750000] byte_map_base: 0x000002b043f47000

Marking Bits: (ParMarkBitMap*) 0x000000006f8b4fb0
 Begin Bits: [0x000002b0449f0000, 0x000002b046928000)
 End Bits:   [0x000002b046928000, 0x000002b048860000)

Polling page: 0x000002b033730000

CodeCache: size=245760Kb used=328Kb max_used=328Kb free=245431Kb
 bounds [0x000002b034fa0000, 0x000002b035210000, 0x000002b043fa0000]
 total_blobs=58 nmethods=0 adapters=38
 compilation: enabled

Compilation events (0 events):
No events

GC Heap History (0 events):
No events

Deoptimization events (0 events):
No events

Classes redefined (0 events):
No events

Internal exceptions (0 events):
No events

Events (10 events):
Event: 0.024 loading class java/lang/Short
Event: 0.024 loading class java/lang/Short done
Event: 0.024 loading class java/lang/Integer
Event: 0.024 loading class java/lang/Integer done
Event: 0.024 loading class java/lang/Long
Event: 0.024 loading class java/lang/Long done
Event: 0.025 loading class java/lang/NullPointerException
Event: 0.025 loading class java/lang/NullPointerException done
Event: 0.025 loading class java/lang/ArithmeticException
Event: 0.025 loading class java/lang/ArithmeticException done


Dynamic libraries:
0x00007ff6d71f0000 - 0x00007ff6d7237000 	C:\Program Files\Java\jdk1.8.0_261\bin\java.exe
0x00007ffa879d0000 - 0x00007ffa87bc5000 	C:\WINDOWS\SYSTEM32\ntdll.dll
0x00007ffa85d60000 - 0x00007ffa85e1d000 	C:\WINDOWS\System32\KERNEL32.DLL
0x00007ffa855c0000 - 0x00007ffa85889000 	C:\WINDOWS\System32\KERNELBASE.dll
0x00007ffa874e0000 - 0x00007ffa8758c000 	C:\WINDOWS\System32\ADVAPI32.dll
0x00007ffa87760000 - 0x00007ffa877fe000 	C:\WINDOWS\System32\msvcrt.dll
0x00007ffa85a70000 - 0x00007ffa85b0b000 	C:\WINDOWS\System32\sechost.dll
0x00007ffa85b10000 - 0x00007ffa85c3a000 	C:\WINDOWS\System32\RPCRT4.dll
0x00007ffa86ac0000 - 0x00007ffa86c60000 	C:\WINDOWS\System32\USER32.dll
0x00007ffa85a10000 - 0x00007ffa85a32000 	C:\WINDOWS\System32\win32u.dll
0x00007ffa87730000 - 0x00007ffa8775a000 	C:\WINDOWS\System32\GDI32.dll
0x00007ffa854b0000 - 0x00007ffa855bb000 	C:\WINDOWS\System32\gdi32full.dll
0x00007ffa858c0000 - 0x00007ffa8595d000 	C:\WINDOWS\System32\msvcp_win.dll
0x00007ffa85110000 - 0x00007ffa85210000 	C:\WINDOWS\System32\ucrtbase.dll
0x00007ffa65510000 - 0x00007ffa657aa000 	C:\WINDOWS\WinSxS\amd64_microsoft.windows.common-controls_6595b64144ccf1df_6.0.19041.1110_none_60b5254171f9507e\COMCTL32.dll
0x00007ffa86510000 - 0x00007ffa86540000 	C:\WINDOWS\System32\IMM32.DLL
0x00007ffa69180000 - 0x00007ffa69195000 	C:\Program Files\Java\jdk1.8.0_261\jre\bin\vcruntime140.dll
0x00007ffa5f960000 - 0x00007ffa5f9fb000 	C:\Program Files\Java\jdk1.8.0_261\jre\bin\msvcp140.dll
0x000000006f0c0000 - 0x000000006f92c000 	C:\Program Files\Java\jdk1.8.0_261\jre\bin\server\jvm.dll
0x00007ffa87870000 - 0x00007ffa87878000 	C:\WINDOWS\System32\PSAPI.DLL
0x00007ffa716b0000 - 0x00007ffa716b9000 	C:\WINDOWS\SYSTEM32\WSOCK32.dll
0x00007ffa73a90000 - 0x00007ffa73ab7000 	C:\WINDOWS\SYSTEM32\WINMM.dll
0x00007ffa876c0000 - 0x00007ffa8772b000 	C:\WINDOWS\System32\WS2_32.dll
0x00007ffa80990000 - 0x00007ffa8099a000 	C:\WINDOWS\SYSTEM32\VERSION.dll
0x00007ffa83060000 - 0x00007ffa83072000 	C:\WINDOWS\SYSTEM32\kernel.appcore.dll
0x00007ffa784d0000 - 0x00007ffa784e0000 	C:\Program Files\Java\jdk1.8.0_261\jre\bin\verify.dll
0x00007ffa69150000 - 0x00007ffa6917b000 	C:\Program Files\Java\jdk1.8.0_261\jre\bin\java.dll
0x00007ffa69020000 - 0x00007ffa69052000 	C:\Program Files\Java\jdk1.8.0_261\jre\bin\instrument.dll
0x00007ffa69130000 - 0x00007ffa69148000 	C:\Program Files\Java\jdk1.8.0_261\jre\bin\zip.dll
0x00007ffa70bb0000 - 0x00007ffa70d94000 	C:\WINDOWS\SYSTEM32\dbghelp.dll
0x00007ffa85210000 - 0x00007ffa85293000 	C:\WINDOWS\System32\bcryptPrimitives.dll

VM Arguments:
jvm_args: -ea -Didea.test.cyclic.buffer.size=1048576 -javaagent:C:\Program Files\JetBrains\IntelliJ IDEA Community Edition 2020.2\lib\idea_rt.jar=60891:C:\Program Files\JetBrains\IntelliJ IDEA Community Edition 2020.2\bin -Dfile.encoding=UTF-8 
java_command: com.intellij.rt.junit.JUnitStarter -ideVersion5 -junit4 com.atguigu.java.NewInstanceTest,test
java_class_path (initial): C:\Program Files\JetBrains\IntelliJ IDEA Community Edition 2020.2\lib\idea_rt.jar;C:\Program Files\JetBrains\IntelliJ IDEA Community Edition 2020.2\plugins\junit\lib\junit5-rt.jar;C:\Program Files\JetBrains\IntelliJ IDEA Community Edition 2020.2\plugins\junit\lib\junit-rt.jar;C:\Program Files\Java\jdk1.8.0_261\jre\lib\charsets.jar;C:\Program Files\Java\jdk1.8.0_261\jre\lib\deploy.jar;C:\Program Files\Java\jdk1.8.0_261\jre\lib\ext\access-bridge-64.jar;C:\Program Files\Java\jdk1.8.0_261\jre\lib\ext\cldrdata.jar;C:\Program Files\Java\jdk1.8.0_261\jre\lib\ext\dnsns.jar;C:\Program Files\Java\jdk1.8.0_261\jre\lib\ext\jaccess.jar;C:\Program Files\Java\jdk1.8.0_261\jre\lib\ext\jfxrt.jar;C:\Program Files\Java\jdk1.8.0_261\jre\lib\ext\localedata.jar;C:\Program Files\Java\jdk1.8.0_261\jre\lib\ext\nashorn.jar;C:\Program Files\Java\jdk1.8.0_261\jre\lib\ext\sunec.jar;C:\Program Files\Java\jdk1.8.0_261\jre\lib\ext\sunjce_provider.jar;C:\Program Files\Java\jdk1.8.0_261\jre\lib\ext\sunmscapi.jar;C:\Program Files\Java\jdk1.8.0_261\jre\lib\ext\sunpkcs11.jar;C:\Program Files\Java\jdk1.8.0_261\jre\lib\ext\zipfs.jar;C:\Program Files\Java\jdk1.8.0_261\jre\lib\javaws.jar;C:\Program Files\Java\jdk1.8.0_261\jre\lib\jce.jar;C:\Program Files\Java\jdk1.8.0_261\jre\lib\jfr.jar;C:\Program Files\Java\jdk1.8.0_261\jre\lib\jfxswt.jar;C:\Program Files\Java\jdk1.8.0_261\jre\lib\jsse.jar;C:\Program Files\Java\jdk1.8.0_261\jre\lib\management-agent.jar;C:\Program Files\Java\jdk1.8.0_261\jre\lib\plugin.jar;C:\Program Files\Java\jdk1.8.0_261\jre\lib\resources.jar;C:\Program Files\Java\jdk1.8.0_261\jre\lib\rt.jar;D:\git_workspace\javaSenior\out\production\day11;C:\Users\guosen\.m2\repository\junit\junit\4.12\junit-4.12.jar;C:\Users\guosen\.m2\repository\org\hamcrest\hamcrest-core\1.3\hamcrest-core-1.3.jar;C:\Program Files\JetBrains\IntelliJ IDEA Community Edition 2020.2\lib\idea_rt.jar
Launcher Type: SUN_STANDARD

Environment Variables:
JAVA_HOME=C:\Program Files\Java\jdk1.8.0_261
CLASSPATH=D:\Jmeter\apache-jmeter-5.4\lib\ext\ApacheJMeter_core.jar;D:\Jmeter\apache-jmeter-5.4\lib\jorphan.jar;D:\Jmeter\apache-jmeter-5.4\lib\logkit-2.0.jar;
PATH=C:\Program Files (x86)\NetSarang\Xftp 6\;C:\Program Files (x86)\NetSarang\Xshell 6\;C:\Program Files\Java\jdk1.8.0_261\bin;C:\Program Files (x86)\Common Files\Oracle\Java\javapath;C:\WINDOWS\system32;C:\WINDOWS;C:\WINDOWS\System32\Wbem;C:\WINDOWS\System32\WindowsPowerShell\v1.0\;C:\WINDOWS\System32\OpenSSH\;C:\Program Files\Git\cmd;C:\Program Files\nodejs\;D:\maven\apache-maven-3.6.3\bin;D:\apache-tomcat-7.0.106\bin;C:\Program Files\TortoiseGit\bin;D:\Erlang\erl-23.2\bin;C:\Program Files\RabbitMQ Server\rabbitmq_server-3.8.11\sbin;C:\Users\guosen\AppData\Local\Microsoft\WindowsApps;;C:\Users\guosen\AppData\Local\Programs\Microsoft VS Code\bin;C:\Users\guosen\AppData\Roaming\npm
USERNAME=guosen
OS=Windows_NT
PROCESSOR_IDENTIFIER=Intel64 Family 6 Model 158 Stepping 10, GenuineIntel



---------------  S Y S T E M  ---------------

OS: Windows 10.0 , 64 bit Build 19041 (10.0.19041.1023)

CPU:total 6 (initial active 6) (6 cores per cpu, 1 threads per core) family 6 model 158 stepping 10, cmov, cx8, fxsr, mmx, sse, sse2, sse3, ssse3, sse4.1, sse4.2, popcnt, avx, avx2, aes, clmul, erms, rtm, 3dnowpref, lzcnt, tsc, tscinvbit, bmi1, bmi2, adx

Memory: 4k page, physical 8180012k(1664636k free), swap 22523304k(3076k free)

vm_info: Java HotSpot(TM) 64-Bit Server VM (25.261-b12) for windows-amd64 JRE (1.8.0_261-b12), built on Jun 18 2020 06:56:32 by "" with unknown MS VC++:1916

time: Fri Aug 20 16:17:44 2021
timezone: 中国标准时间
elapsed time: 0 seconds (0d 0h 0m 0s)

